<?xml version="1.0" encoding="UTF-8"?>
<!-- Generated by org.testng.reporters.JUnitReportReporter -->
<testsuite skipped="0" hostname="usgr-PC" name="com.scripts.PraticeFb.TESTPraticeFb" tests="1" failures="0" timestamp="14 Jun 2020 02:15:37 GMT" time="50.274" errors="0">
  <testcase name="login" time="50.274" classname="com.scripts.PraticeFb.TESTPraticeFb"/>
</testsuite> <!-- com.scripts.PraticeFb.TESTPraticeFb -->
